I, [2016-09-18T17:46:23.477927 #26492]  INFO -- : Refreshing Gem list
LoadError: cannot load such file -- stackprof
  /home/isucon/webapp/ruby/lib/isuda/web.rb:12:in `require'
  /home/isucon/webapp/ruby/lib/isuda/web.rb:12:in `<top (required)>'
  isuda.ru:4:in `require_relative'
  isuda.ru:4:in `block in <main>'
  /home/isucon/.local/ruby/lib/ruby/gems/2.3.0/gems/rack-1.6.4/lib/rack/builder.rb:55:in `instance_eval'
  /home/isucon/.local/ruby/lib/ruby/gems/2.3.0/gems/rack-1.6.4/lib/rack/builder.rb:55:in `initialize'
  isuda.ru:1:in `new'
  isuda.ru:1:in `<main>'
  /home/isucon/.local/ruby/lib/ruby/gems/2.3.0/gems/unicorn-5.1.0/lib/unicorn.rb:56:in `eval'
  /home/isucon/.local/ruby/lib/ruby/gems/2.3.0/gems/unicorn-5.1.0/lib/unicorn.rb:56:in `block in builder'
  /home/isucon/.local/ruby/lib/ruby/gems/2.3.0/gems/unicorn-5.1.0/lib/unicorn/http_server.rb:752:in `build_app!'
  /home/isucon/.local/ruby/lib/ruby/gems/2.3.0/gems/unicorn-5.1.0/lib/unicorn/http_server.rb:129:in `start'
  /home/isucon/.local/ruby/lib/ruby/gems/2.3.0/gems/unicorn-5.1.0/bin/unicorn:126:in `<top (required)>'
  /home/isucon/.local/ruby/bin/unicorn:23:in `load'
  /home/isucon/.local/ruby/bin/unicorn:23:in `<top (required)>'
I, [2016-09-18T17:46:24.147331 #26499]  INFO -- : Refreshing Gem list
LoadError: cannot load such file -- stackprof
  /home/isucon/webapp/ruby/lib/isuda/web.rb:12:in `require'
  /home/isucon/webapp/ruby/lib/isuda/web.rb:12:in `<top (required)>'
  isuda.ru:4:in `require_relative'
  isuda.ru:4:in `block in <main>'
  /home/isucon/.local/ruby/lib/ruby/gems/2.3.0/gems/rack-1.6.4/lib/rack/builder.rb:55:in `instance_eval'
  /home/isucon/.local/ruby/lib/ruby/gems/2.3.0/gems/rack-1.6.4/lib/rack/builder.rb:55:in `initialize'
  isuda.ru:1:in `new'
  isuda.ru:1:in `<main>'
  /home/isucon/.local/ruby/lib/ruby/gems/2.3.0/gems/unicorn-5.1.0/lib/unicorn.rb:56:in `eval'
  /home/isucon/.local/ruby/lib/ruby/gems/2.3.0/gems/unicorn-5.1.0/lib/unicorn.rb:56:in `block in builder'
  /home/isucon/.local/ruby/lib/ruby/gems/2.3.0/gems/unicorn-5.1.0/lib/unicorn/http_server.rb:752:in `build_app!'
  /home/isucon/.local/ruby/lib/ruby/gems/2.3.0/gems/unicorn-5.1.0/lib/unicorn/http_server.rb:129:in `start'
  /home/isucon/.local/ruby/lib/ruby/gems/2.3.0/gems/unicorn-5.1.0/bin/unicorn:126:in `<top (required)>'
  /home/isucon/.local/ruby/bin/unicorn:23:in `load'
  /home/isucon/.local/ruby/bin/unicorn:23:in `<top (required)>'
I, [2016-09-18T17:46:24.831565 #26505]  INFO -- : Refreshing Gem list
LoadError: cannot load such file -- stackprof
  /home/isucon/webapp/ruby/lib/isuda/web.rb:12:in `require'
  /home/isucon/webapp/ruby/lib/isuda/web.rb:12:in `<top (required)>'
  isuda.ru:4:in `require_relative'
  isuda.ru:4:in `block in <main>'
  /home/isucon/.local/ruby/lib/ruby/gems/2.3.0/gems/rack-1.6.4/lib/rack/builder.rb:55:in `instance_eval'
  /home/isucon/.local/ruby/lib/ruby/gems/2.3.0/gems/rack-1.6.4/lib/rack/builder.rb:55:in `initialize'
  isuda.ru:1:in `new'
  isuda.ru:1:in `<main>'
  /home/isucon/.local/ruby/lib/ruby/gems/2.3.0/gems/unicorn-5.1.0/lib/unicorn.rb:56:in `eval'
  /home/isucon/.local/ruby/lib/ruby/gems/2.3.0/gems/unicorn-5.1.0/lib/unicorn.rb:56:in `block in builder'
  /home/isucon/.local/ruby/lib/ruby/gems/2.3.0/gems/unicorn-5.1.0/lib/unicorn/http_server.rb:752:in `build_app!'
  /home/isucon/.local/ruby/lib/ruby/gems/2.3.0/gems/unicorn-5.1.0/lib/unicorn/http_server.rb:129:in `start'
  /home/isucon/.local/ruby/lib/ruby/gems/2.3.0/gems/unicorn-5.1.0/bin/unicorn:126:in `<top (required)>'
  /home/isucon/.local/ruby/bin/unicorn:23:in `load'
  /home/isucon/.local/ruby/bin/unicorn:23:in `<top (required)>'
I, [2016-09-18T17:46:25.611378 #26516]  INFO -- : Refreshing Gem list
LoadError: cannot load such file -- stackprof
  /home/isucon/webapp/ruby/lib/isuda/web.rb:12:in `require'
  /home/isucon/webapp/ruby/lib/isuda/web.rb:12:in `<top (required)>'
  isuda.ru:4:in `require_relative'
  isuda.ru:4:in `block in <main>'
  /home/isucon/.local/ruby/lib/ruby/gems/2.3.0/gems/rack-1.6.4/lib/rack/builder.rb:55:in `instance_eval'
  /home/isucon/.local/ruby/lib/ruby/gems/2.3.0/gems/rack-1.6.4/lib/rack/builder.rb:55:in `initialize'
  isuda.ru:1:in `new'
  isuda.ru:1:in `<main>'
  /home/isucon/.local/ruby/lib/ruby/gems/2.3.0/gems/unicorn-5.1.0/lib/unicorn.rb:56:in `eval'
  /home/isucon/.local/ruby/lib/ruby/gems/2.3.0/gems/unicorn-5.1.0/lib/unicorn.rb:56:in `block in builder'
  /home/isucon/.local/ruby/lib/ruby/gems/2.3.0/gems/unicorn-5.1.0/lib/unicorn/http_server.rb:752:in `build_app!'
  /home/isucon/.local/ruby/lib/ruby/gems/2.3.0/gems/unicorn-5.1.0/lib/unicorn/http_server.rb:129:in `start'
  /home/isucon/.local/ruby/lib/ruby/gems/2.3.0/gems/unicorn-5.1.0/bin/unicorn:126:in `<top (required)>'
  /home/isucon/.local/ruby/bin/unicorn:23:in `load'
  /home/isucon/.local/ruby/bin/unicorn:23:in `<top (required)>'
I, [2016-09-18T17:46:26.371418 #26523]  INFO -- : Refreshing Gem list
LoadError: cannot load such file -- stackprof
  /home/isucon/webapp/ruby/lib/isuda/web.rb:12:in `require'
  /home/isucon/webapp/ruby/lib/isuda/web.rb:12:in `<top (required)>'
  isuda.ru:4:in `require_relative'
  isuda.ru:4:in `block in <main>'
  /home/isucon/.local/ruby/lib/ruby/gems/2.3.0/gems/rack-1.6.4/lib/rack/builder.rb:55:in `instance_eval'
  /home/isucon/.local/ruby/lib/ruby/gems/2.3.0/gems/rack-1.6.4/lib/rack/builder.rb:55:in `initialize'
  isuda.ru:1:in `new'
  isuda.ru:1:in `<main>'
  /home/isucon/.local/ruby/lib/ruby/gems/2.3.0/gems/unicorn-5.1.0/lib/unicorn.rb:56:in `eval'
  /home/isucon/.local/ruby/lib/ruby/gems/2.3.0/gems/unicorn-5.1.0/lib/unicorn.rb:56:in `block in builder'
  /home/isucon/.local/ruby/lib/ruby/gems/2.3.0/gems/unicorn-5.1.0/lib/unicorn/http_server.rb:752:in `build_app!'
  /home/isucon/.local/ruby/lib/ruby/gems/2.3.0/gems/unicorn-5.1.0/lib/unicorn/http_server.rb:129:in `start'
  /home/isucon/.local/ruby/lib/ruby/gems/2.3.0/gems/unicorn-5.1.0/bin/unicorn:126:in `<top (required)>'
  /home/isucon/.local/ruby/bin/unicorn:23:in `load'
  /home/isucon/.local/ruby/bin/unicorn:23:in `<top (required)>'
I, [2016-09-18T17:47:17.905746 #26680]  INFO -- : Refreshing Gem list
NameError: uninitialized constant Isuda::Web::StackProf
  /home/isucon/webapp/ruby/lib/isuda/web.rb:28:in `<class:Web>'
  /home/isucon/webapp/ruby/lib/isuda/web.rb:15:in `<module:Isuda>'
  /home/isucon/webapp/ruby/lib/isuda/web.rb:14:in `<top (required)>'
  isuda.ru:4:in `require_relative'
  isuda.ru:4:in `block in <main>'
  /home/isucon/.local/ruby/lib/ruby/gems/2.3.0/gems/rack-1.6.4/lib/rack/builder.rb:55:in `instance_eval'
  /home/isucon/.local/ruby/lib/ruby/gems/2.3.0/gems/rack-1.6.4/lib/rack/builder.rb:55:in `initialize'
  isuda.ru:1:in `new'
  isuda.ru:1:in `<main>'
  /home/isucon/.local/ruby/lib/ruby/gems/2.3.0/gems/unicorn-5.1.0/lib/unicorn.rb:56:in `eval'
  /home/isucon/.local/ruby/lib/ruby/gems/2.3.0/gems/unicorn-5.1.0/lib/unicorn.rb:56:in `block in builder'
  /home/isucon/.local/ruby/lib/ruby/gems/2.3.0/gems/unicorn-5.1.0/lib/unicorn/http_server.rb:752:in `build_app!'
  /home/isucon/.local/ruby/lib/ruby/gems/2.3.0/gems/unicorn-5.1.0/lib/unicorn/http_server.rb:129:in `start'
  /home/isucon/.local/ruby/lib/ruby/gems/2.3.0/gems/unicorn-5.1.0/bin/unicorn:126:in `<top (required)>'
  /home/isucon/.local/ruby/bin/unicorn:23:in `load'
  /home/isucon/.local/ruby/bin/unicorn:23:in `<top (required)>'
I, [2016-09-18T17:47:18.589448 #26700]  INFO -- : Refreshing Gem list
NameError: uninitialized constant Isuda::Web::StackProf
  /home/isucon/webapp/ruby/lib/isuda/web.rb:28:in `<class:Web>'
  /home/isucon/webapp/ruby/lib/isuda/web.rb:15:in `<module:Isuda>'
  /home/isucon/webapp/ruby/lib/isuda/web.rb:14:in `<top (required)>'
  isuda.ru:4:in `require_relative'
  isuda.ru:4:in `block in <main>'
  /home/isucon/.local/ruby/lib/ruby/gems/2.3.0/gems/rack-1.6.4/lib/rack/builder.rb:55:in `instance_eval'
  /home/isucon/.local/ruby/lib/ruby/gems/2.3.0/gems/rack-1.6.4/lib/rack/builder.rb:55:in `initialize'
  isuda.ru:1:in `new'
  isuda.ru:1:in `<main>'
  /home/isucon/.local/ruby/lib/ruby/gems/2.3.0/gems/unicorn-5.1.0/lib/unicorn.rb:56:in `eval'
  /home/isucon/.local/ruby/lib/ruby/gems/2.3.0/gems/unicorn-5.1.0/lib/unicorn.rb:56:in `block in builder'
  /home/isucon/.local/ruby/lib/ruby/gems/2.3.0/gems/unicorn-5.1.0/lib/unicorn/http_server.rb:752:in `build_app!'
  /home/isucon/.local/ruby/lib/ruby/gems/2.3.0/gems/unicorn-5.1.0/lib/unicorn/http_server.rb:129:in `start'
  /home/isucon/.local/ruby/lib/ruby/gems/2.3.0/gems/unicorn-5.1.0/bin/unicorn:126:in `<top (required)>'
  /home/isucon/.local/ruby/bin/unicorn:23:in `load'
  /home/isucon/.local/ruby/bin/unicorn:23:in `<top (required)>'
I, [2016-09-18T17:47:19.343218 #26705]  INFO -- : Refreshing Gem list
NameError: uninitialized constant Isuda::Web::StackProf
  /home/isucon/webapp/ruby/lib/isuda/web.rb:28:in `<class:Web>'
  /home/isucon/webapp/ruby/lib/isuda/web.rb:15:in `<module:Isuda>'
  /home/isucon/webapp/ruby/lib/isuda/web.rb:14:in `<top (required)>'
  isuda.ru:4:in `require_relative'
  isuda.ru:4:in `block in <main>'
  /home/isucon/.local/ruby/lib/ruby/gems/2.3.0/gems/rack-1.6.4/lib/rack/builder.rb:55:in `instance_eval'
  /home/isucon/.local/ruby/lib/ruby/gems/2.3.0/gems/rack-1.6.4/lib/rack/builder.rb:55:in `initialize'
  isuda.ru:1:in `new'
  isuda.ru:1:in `<main>'
  /home/isucon/.local/ruby/lib/ruby/gems/2.3.0/gems/unicorn-5.1.0/lib/unicorn.rb:56:in `eval'
  /home/isucon/.local/ruby/lib/ruby/gems/2.3.0/gems/unicorn-5.1.0/lib/unicorn.rb:56:in `block in builder'
  /home/isucon/.local/ruby/lib/ruby/gems/2.3.0/gems/unicorn-5.1.0/lib/unicorn/http_server.rb:752:in `build_app!'
  /home/isucon/.local/ruby/lib/ruby/gems/2.3.0/gems/unicorn-5.1.0/lib/unicorn/http_server.rb:129:in `start'
  /home/isucon/.local/ruby/lib/ruby/gems/2.3.0/gems/unicorn-5.1.0/bin/unicorn:126:in `<top (required)>'
  /home/isucon/.local/ruby/bin/unicorn:23:in `load'
  /home/isucon/.local/ruby/bin/unicorn:23:in `<top (required)>'
I, [2016-09-18T17:47:20.098919 #26710]  INFO -- : Refreshing Gem list
NameError: uninitialized constant Isuda::Web::StackProf
  /home/isucon/webapp/ruby/lib/isuda/web.rb:28:in `<class:Web>'
  /home/isucon/webapp/ruby/lib/isuda/web.rb:15:in `<module:Isuda>'
  /home/isucon/webapp/ruby/lib/isuda/web.rb:14:in `<top (required)>'
  isuda.ru:4:in `require_relative'
  isuda.ru:4:in `block in <main>'
  /home/isucon/.local/ruby/lib/ruby/gems/2.3.0/gems/rack-1.6.4/lib/rack/builder.rb:55:in `instance_eval'
  /home/isucon/.local/ruby/lib/ruby/gems/2.3.0/gems/rack-1.6.4/lib/rack/builder.rb:55:in `initialize'
  isuda.ru:1:in `new'
  isuda.ru:1:in `<main>'
  /home/isucon/.local/ruby/lib/ruby/gems/2.3.0/gems/unicorn-5.1.0/lib/unicorn.rb:56:in `eval'
  /home/isucon/.local/ruby/lib/ruby/gems/2.3.0/gems/unicorn-5.1.0/lib/unicorn.rb:56:in `block in builder'
  /home/isucon/.local/ruby/lib/ruby/gems/2.3.0/gems/unicorn-5.1.0/lib/unicorn/http_server.rb:752:in `build_app!'
  /home/isucon/.local/ruby/lib/ruby/gems/2.3.0/gems/unicorn-5.1.0/lib/unicorn/http_server.rb:129:in `start'
  /home/isucon/.local/ruby/lib/ruby/gems/2.3.0/gems/unicorn-5.1.0/bin/unicorn:126:in `<top (required)>'
  /home/isucon/.local/ruby/bin/unicorn:23:in `load'
  /home/isucon/.local/ruby/bin/unicorn:23:in `<top (required)>'
I, [2016-09-18T17:47:20.830228 #26714]  INFO -- : Refreshing Gem list
NameError: uninitialized constant Isuda::Web::StackProf
  /home/isucon/webapp/ruby/lib/isuda/web.rb:28:in `<class:Web>'
  /home/isucon/webapp/ruby/lib/isuda/web.rb:15:in `<module:Isuda>'
  /home/isucon/webapp/ruby/lib/isuda/web.rb:14:in `<top (required)>'
  isuda.ru:4:in `require_relative'
  isuda.ru:4:in `block in <main>'
  /home/isucon/.local/ruby/lib/ruby/gems/2.3.0/gems/rack-1.6.4/lib/rack/builder.rb:55:in `instance_eval'
  /home/isucon/.local/ruby/lib/ruby/gems/2.3.0/gems/rack-1.6.4/lib/rack/builder.rb:55:in `initialize'
  isuda.ru:1:in `new'
  isuda.ru:1:in `<main>'
  /home/isucon/.local/ruby/lib/ruby/gems/2.3.0/gems/unicorn-5.1.0/lib/unicorn.rb:56:in `eval'
  /home/isucon/.local/ruby/lib/ruby/gems/2.3.0/gems/unicorn-5.1.0/lib/unicorn.rb:56:in `block in builder'
  /home/isucon/.local/ruby/lib/ruby/gems/2.3.0/gems/unicorn-5.1.0/lib/unicorn/http_server.rb:752:in `build_app!'
  /home/isucon/.local/ruby/lib/ruby/gems/2.3.0/gems/unicorn-5.1.0/lib/unicorn/http_server.rb:129:in `start'
  /home/isucon/.local/ruby/lib/ruby/gems/2.3.0/gems/unicorn-5.1.0/bin/unicorn:126:in `<top (required)>'
  /home/isucon/.local/ruby/bin/unicorn:23:in `load'
  /home/isucon/.local/ruby/bin/unicorn:23:in `<top (required)>'
I, [2016-09-18T17:47:44.043436 #26815]  INFO -- : Refreshing Gem list
I, [2016-09-18T17:47:44.117517 #26815]  INFO -- : listening on addr=0.0.0.0:5000 fd=11
I, [2016-09-18T17:47:44.117628 #26815]  INFO -- : worker=0 spawning...
I, [2016-09-18T17:47:44.118353 #26815]  INFO -- : worker=1 spawning...
I, [2016-09-18T17:47:44.118849 #26815]  INFO -- : worker=2 spawning...
I, [2016-09-18T17:47:44.119353 #26835]  INFO -- : worker=0 spawned pid=26835
I, [2016-09-18T17:47:44.119382 #26838]  INFO -- : worker=1 spawned pid=26838
I, [2016-09-18T17:47:44.119485 #26835]  INFO -- : worker=0 ready
I, [2016-09-18T17:47:44.119495 #26838]  INFO -- : worker=1 ready
I, [2016-09-18T17:47:44.120071 #26815]  INFO -- : worker=3 spawning...
I, [2016-09-18T17:47:44.120597 #26841]  INFO -- : worker=2 spawned pid=26841
I, [2016-09-18T17:47:44.120626 #26815]  INFO -- : worker=4 spawning...
I, [2016-09-18T17:47:44.120703 #26841]  INFO -- : worker=2 ready
I, [2016-09-18T17:47:44.121418 #26815]  INFO -- : master process ready
I, [2016-09-18T17:47:44.121846 #26844]  INFO -- : worker=3 spawned pid=26844
I, [2016-09-18T17:47:44.121953 #26844]  INFO -- : worker=3 ready
I, [2016-09-18T17:47:44.121933 #26847]  INFO -- : worker=4 spawned pid=26847
I, [2016-09-18T17:47:44.122038 #26847]  INFO -- : worker=4 ready
I, [2016-09-18T17:48:53.675652 #26815]  INFO -- : reaped #<Process::Status: pid 26835 exit 0> worker=0
I, [2016-09-18T17:48:53.675747 #26815]  INFO -- : reaped #<Process::Status: pid 26838 exit 0> worker=1
I, [2016-09-18T17:48:53.675789 #26815]  INFO -- : reaped #<Process::Status: pid 26841 exit 0> worker=2
I, [2016-09-18T17:48:53.675822 #26815]  INFO -- : reaped #<Process::Status: pid 26844 exit 0> worker=3
I, [2016-09-18T17:48:53.675851 #26815]  INFO -- : reaped #<Process::Status: pid 26847 exit 0> worker=4
I, [2016-09-18T17:48:53.675906 #26815]  INFO -- : master complete
I, [2016-09-18T17:48:54.078504 #28956]  INFO -- : Refreshing Gem list
I, [2016-09-18T17:48:54.147562 #28956]  INFO -- : listening on addr=0.0.0.0:5000 fd=11
I, [2016-09-18T17:48:54.147752 #28956]  INFO -- : worker=0 spawning...
I, [2016-09-18T17:48:54.148476 #28956]  INFO -- : worker=1 spawning...
I, [2016-09-18T17:48:54.148918 #28976]  INFO -- : worker=0 spawned pid=28976
I, [2016-09-18T17:48:54.149042 #28976]  INFO -- : worker=0 ready
I, [2016-09-18T17:48:54.149153 #28956]  INFO -- : worker=2 spawning...
I, [2016-09-18T17:48:54.149585 #28979]  INFO -- : worker=1 spawned pid=28979
I, [2016-09-18T17:48:54.149634 #28956]  INFO -- : worker=3 spawning...
I, [2016-09-18T17:48:54.149681 #28979]  INFO -- : worker=1 ready
I, [2016-09-18T17:48:54.150254 #28956]  INFO -- : worker=4 spawning...
I, [2016-09-18T17:48:54.150608 #28985]  INFO -- : worker=3 spawned pid=28985
I, [2016-09-18T17:48:54.150646 #28982]  INFO -- : worker=2 spawned pid=28982
I, [2016-09-18T17:48:54.150706 #28985]  INFO -- : worker=3 ready
I, [2016-09-18T17:48:54.150744 #28982]  INFO -- : worker=2 ready
I, [2016-09-18T17:48:54.151459 #28956]  INFO -- : master process ready
I, [2016-09-18T17:48:54.151661 #28988]  INFO -- : worker=4 spawned pid=28988
I, [2016-09-18T17:48:54.151757 #28988]  INFO -- : worker=4 ready
2016-09-18 17:53:29 - Mysql2::Error - MySQL server has gone away:
	/home/isucon/.local/ruby/lib/ruby/gems/2.3.0/gems/mysql2-0.4.4/lib/mysql2/client.rb:107:in `_query'
	/home/isucon/.local/ruby/lib/ruby/gems/2.3.0/gems/mysql2-0.4.4/lib/mysql2/client.rb:107:in `block in query'
	/home/isucon/.local/ruby/lib/ruby/gems/2.3.0/gems/mysql2-0.4.4/lib/mysql2/client.rb:106:in `handle_interrupt'
	/home/isucon/.local/ruby/lib/ruby/gems/2.3.0/gems/mysql2-0.4.4/lib/mysql2/client.rb:106:in `query'
	/home/isucon/.local/ruby/lib/ruby/gems/2.3.0/gems/mysql2-cs-bind-0.0.6/lib/mysql2-cs-bind.rb:14:in `xquery'
	/home/isucon/webapp/ruby/lib/isuda/web.rb:38:in `block (2 levels) in <class:Web>'
	/home/isucon/.local/ruby/lib/ruby/gems/2.3.0/gems/sinatra-1.4.7/lib/sinatra/base.rb:1014:in `call'
	/home/isucon/.local/ruby/lib/ruby/gems/2.3.0/gems/sinatra-1.4.7/lib/sinatra/base.rb:1014:in `block (2 levels) in process_route'
	/home/isucon/.local/ruby/lib/ruby/gems/2.3.0/gems/sinatra-1.4.7/lib/sinatra/base.rb:1014:in `each'
	/home/isucon/.local/ruby/lib/ruby/gems/2.3.0/gems/sinatra-1.4.7/lib/sinatra/base.rb:1014:in `block in process_route'
	/home/isucon/.local/ruby/lib/ruby/gems/2.3.0/gems/sinatra-1.4.7/lib/sinatra/base.rb:1013:in `catch'
	/home/isucon/.local/ruby/lib/ruby/gems/2.3.0/gems/sinatra-1.4.7/lib/sinatra/base.rb:1013:in `process_route'
	/home/isucon/.local/ruby/lib/ruby/gems/2.3.0/gems/sinatra-1.4.7/lib/sinatra/base.rb:973:in `block in route!'
	/home/isucon/.local/ruby/lib/ruby/gems/2.3.0/gems/sinatra-1.4.7/lib/sinatra/base.rb:972:in `each'
	/home/isucon/.local/ruby/lib/ruby/gems/2.3.0/gems/sinatra-1.4.7/lib/sinatra/base.rb:972:in `route!'
	/home/isucon/.local/ruby/lib/ruby/gems/2.3.0/gems/sinatra-1.4.7/lib/sinatra/base.rb:1085:in `block in dispatch!'
	/home/isucon/.local/ruby/lib/ruby/gems/2.3.0/gems/sinatra-1.4.7/lib/sinatra/base.rb:1067:in `block in invoke'
	/home/isucon/.local/ruby/lib/ruby/gems/2.3.0/gems/sinatra-1.4.7/lib/sinatra/base.rb:1067:in `catch'
	/home/isucon/.local/ruby/lib/ruby/gems/2.3.0/gems/sinatra-1.4.7/lib/sinatra/base.rb:1067:in `invoke'
	/home/isucon/.local/ruby/lib/ruby/gems/2.3.0/gems/sinatra-1.4.7/lib/sinatra/base.rb:1082:in `dispatch!'
	/home/isucon/.local/ruby/lib/ruby/gems/2.3.0/gems/sinatra-1.4.7/lib/sinatra/base.rb:907:in `block in call!'
	/home/isucon/.local/ruby/lib/ruby/gems/2.3.0/gems/sinatra-1.4.7/lib/sinatra/base.rb:1067:in `block in invoke'
	/home/isucon/.local/ruby/lib/ruby/gems/2.3.0/gems/sinatra-1.4.7/lib/sinatra/base.rb:1067:in `catch'
	/home/isucon/.local/ruby/lib/ruby/gems/2.3.0/gems/sinatra-1.4.7/lib/sinatra/base.rb:1067:in `invoke'
	/home/isucon/.local/ruby/lib/ruby/gems/2.3.0/gems/sinatra-1.4.7/lib/sinatra/base.rb:907:in `call!'
	/home/isucon/.local/ruby/lib/ruby/gems/2.3.0/gems/sinatra-1.4.7/lib/sinatra/base.rb:895:in `call'
	/home/isucon/.local/ruby/lib/ruby/gems/2.3.0/gems/rack-protection-1.5.3/lib/rack/protection/xss_header.rb:18:in `call'
	/home/isucon/.local/ruby/lib/ruby/gems/2.3.0/gems/rack-protection-1.5.3/lib/rack/protection/base.rb:49:in `call'
	/home/isucon/.local/ruby/lib/ruby/gems/2.3.0/gems/rack-protection-1.5.3/lib/rack/protection/base.rb:49:in `call'
	/home/isucon/.local/ruby/lib/ruby/gems/2.3.0/gems/rack-protection-1.5.3/lib/rack/protection/path_traversal.rb:16:in `call'
	/home/isucon/.local/ruby/lib/ruby/gems/2.3.0/gems/rack-protection-1.5.3/lib/rack/protection/json_csrf.rb:18:in `call'
	/home/isucon/.local/ruby/lib/ruby/gems/2.3.0/gems/rack-protection-1.5.3/lib/rack/protection/base.rb:49:in `call'
	/home/isucon/.local/ruby/lib/ruby/gems/2.3.0/gems/rack-protection-1.5.3/lib/rack/protection/base.rb:49:in `call'
	/home/isucon/.local/ruby/lib/ruby/gems/2.3.0/gems/rack-protection-1.5.3/lib/rack/protection/frame_options.rb:31:in `call'
	/home/isucon/.local/ruby/lib/ruby/gems/2.3.0/gems/rack-1.6.4/lib/rack/session/abstract/id.rb:225:in `context'
	/home/isucon/.local/ruby/lib/ruby/gems/2.3.0/gems/rack-1.6.4/lib/rack/session/abstract/id.rb:220:in `call'
	/home/isucon/.local/ruby/lib/ruby/gems/2.3.0/gems/rack-1.6.4/lib/rack/nulllogger.rb:9:in `call'
	/home/isucon/.local/ruby/lib/ruby/gems/2.3.0/gems/rack-1.6.4/lib/rack/head.rb:13:in `call'
	/home/isucon/.local/ruby/lib/ruby/gems/2.3.0/gems/sinatra-1.4.7/lib/sinatra/base.rb:182:in `call'
	/home/isucon/.local/ruby/lib/ruby/gems/2.3.0/gems/sinatra-1.4.7/lib/sinatra/base.rb:2013:in `call'
	/home/isucon/.local/ruby/lib/ruby/gems/2.3.0/gems/sinatra-1.4.7/lib/sinatra/base.rb:1487:in `block in call'
	/home/isucon/.local/ruby/lib/ruby/gems/2.3.0/gems/sinatra-1.4.7/lib/sinatra/base.rb:1787:in `synchronize'
	/home/isucon/.local/ruby/lib/ruby/gems/2.3.0/gems/sinatra-1.4.7/lib/sinatra/base.rb:1487:in `call'
	/home/isucon/.local/ruby/lib/ruby/gems/2.3.0/gems/unicorn-5.1.0/lib/unicorn/http_server.rb:562:in `process_client'
	/home/isucon/.local/ruby/lib/ruby/gems/2.3.0/gems/unicorn-5.1.0/lib/unicorn/http_server.rb:658:in `worker_loop'
	/home/isucon/.local/ruby/lib/ruby/gems/2.3.0/gems/unicorn-5.1.0/lib/unicorn/http_server.rb:508:in `spawn_missing_workers'
	/home/isucon/.local/ruby/lib/ruby/gems/2.3.0/gems/unicorn-5.1.0/lib/unicorn/http_server.rb:132:in `start'
	/home/isucon/.local/ruby/lib/ruby/gems/2.3.0/gems/unicorn-5.1.0/bin/unicorn:126:in `<top (required)>'
	/home/isucon/.local/ruby/bin/unicorn:23:in `load'
	/home/isucon/.local/ruby/bin/unicorn:23:in `<top (required)>'
	/home/isucon/.local/ruby/lib/ruby/gems/2.3.0/gems/bundler-1.13.0/lib/bundler/cli/exec.rb:74:in `load'
	/home/isucon/.local/ruby/lib/ruby/gems/2.3.0/gems/bundler-1.13.0/lib/bundler/cli/exec.rb:74:in `kernel_load'
	/home/isucon/.local/ruby/lib/ruby/gems/2.3.0/gems/bundler-1.13.0/lib/bundler/cli/exec.rb:27:in `run'
	/home/isucon/.local/ruby/lib/ruby/gems/2.3.0/gems/bundler-1.13.0/lib/bundler/cli.rb:332:in `exec'
	/home/isucon/.local/ruby/lib/ruby/gems/2.3.0/gems/bundler-1.13.0/lib/bundler/vendor/thor/lib/thor/command.rb:27:in `run'
	/home/isucon/.local/ruby/lib/ruby/gems/2.3.0/gems/bundler-1.13.0/lib/bundler/vendor/thor/lib/thor/invocation.rb:126:in `invoke_command'
	/home/isucon/.local/ruby/lib/ruby/gems/2.3.0/gems/bundler-1.13.0/lib/bundler/vendor/thor/lib/thor.rb:359:in `dispatch'
	/home/isucon/.local/ruby/lib/ruby/gems/2.3.0/gems/bundler-1.13.0/lib/bundler/cli.rb:20:in `dispatch'
	/home/isucon/.local/ruby/lib/ruby/gems/2.3.0/gems/bundler-1.13.0/lib/bundler/vendor/thor/lib/thor/base.rb:440:in `start'
	/home/isucon/.local/ruby/lib/ruby/gems/2.3.0/gems/bundler-1.13.0/lib/bundler/cli.rb:11:in `start'
	/home/isucon/.local/ruby/lib/ruby/gems/2.3.0/gems/bundler-1.13.0/exe/bundle:34:in `block in <top (required)>'
	/home/isucon/.local/ruby/lib/ruby/gems/2.3.0/gems/bundler-1.13.0/lib/bundler/friendly_errors.rb:100:in `with_friendly_errors'
	/home/isucon/.local/ruby/lib/ruby/gems/2.3.0/gems/bundler-1.13.0/exe/bundle:26:in `<top (required)>'
	/home/isucon/.local/ruby/bin/bundle:23:in `load'
	/home/isucon/.local/ruby/bin/bundle:23:in `<main>'
I, [2016-09-18T17:53:36.892442 #28956]  INFO -- : reaped #<Process::Status: pid 28976 exit 0> worker=0
I, [2016-09-18T17:53:36.892534 #28956]  INFO -- : reaped #<Process::Status: pid 28979 exit 0> worker=1
I, [2016-09-18T17:53:36.892571 #28956]  INFO -- : reaped #<Process::Status: pid 28982 exit 0> worker=2
I, [2016-09-18T17:53:36.892601 #28956]  INFO -- : reaped #<Process::Status: pid 28985 exit 0> worker=3
I, [2016-09-18T17:53:36.892631 #28956]  INFO -- : reaped #<Process::Status: pid 28988 exit 0> worker=4
I, [2016-09-18T17:53:36.892686 #28956]  INFO -- : master complete
